{"EventTime":"2025-11-25 07:09:16","Hostname":"DESKTOP-T5U473H","Keywords":-9214364837600034816,"EventType":"AUDIT_SUCCESS","SeverityValue":2,"Severity":"INFO","EventID":4688,"SourceName":"Microsoft-Windows-Security-Auditing","ProviderGuid":"{54849625-5478-4994-A5BA-3E3B0328C30D}","Version":2,"Task":13312,"OpcodeValue":0,"RecordNumber":47485,"ProcessID":4,"ThreadID":5848,"Channel":"Security","Message":"A new process has been created.\r\n\r\nCreator Subject:\r\n\tSecurity ID:\t\tS-1-5-18\r\n\tAccount Name:\t\tDESKTOP-T5U473H$\r\n\tAccount Domain:\t\tWORKGROUP\r\n\tLogon ID:\t\t0x3E7\r\n\r\nTarget Subject:\r\n\tSecurity ID:\t\tS-1-0-0\r\n\tAccount Name:\t\t-\r\n\tAccount Domain:\t\t-\r\n\tLogon ID:\t\t0x0\r\n\r\nProcess Information:\r\n\tNew Process ID:\t\t0x14bc\r\n\tNew Process Name:\tC:\\Windows\\System32\\CompatTelRunner.exe\r\n\tToken Elevation Type:\t%%1936\r\n\tMandatory Label:\t\tS-1-16-16384\r\n\tCreator Process ID:\t0x1a2c\r\n\tCreator Process Name:\tC:\\Windows\\System32\\CompatTelRunner.exe\r\n\tProcess Command Line:\t\r\n\r\nToken Elevation Type indicates the type of token that was assigned to the new process in accordance with User Account Control policy.\r\n\r\nType 1 is a full token with no privileges removed or groups disabled.  A full token is only used if User Account Control is disabled or if the user is the built-in Administrator account or a service account.\r\n\r\nType 2 is an elevated token with no privileges removed or groups disabled.  An elevated token is used when User Account Control is enabled and the user chooses to start the program using Run as administrator.  An elevated token is also used when an application is configured to always require administrative privilege or to always require maximum privilege, and the user is a member of the Administrators group.\r\n\r\nType 3 is a limited token with administrative privileges removed and administrative groups disabled.  The limited token is used when User Account Control is enabled, the application does not require administrative privilege, and the user does not choose to start the program using Run as administrator.","Category":"Process Creation","Opcode":"Info","SubjectUserSid":"S-1-5-18","SubjectUserName":"DESKTOP-T5U473H$","SubjectDomainName":"WORKGROUP","SubjectLogonId":"0x3e7","NewProcessId":"0x14bc","NewProcessName":"C:\\Windows\\System32\\CompatTelRunner.exe","TokenElevationType":"%%1936","TargetUserSid":"S-1-0-0","TargetUserName":"-","TargetDomainName":"-","TargetLogonId":"0x0","ParentProcessName":"C:\\Windows\\System32\\CompatTelRunner.exe","MandatoryLabel":"S-1-16-16384","EventReceivedTime":"2025-11-25 07:09:17","SourceModuleName":"security_in","SourceModuleType":"im_msvistalog"}
{"EventTime":"2025-11-25 07:09:16","Hostname":"DESKTOP-T5U473H","Keywords":-9214364837600034816,"EventType":"AUDIT_SUCCESS","SeverityValue":2,"Severity":"INFO","EventID":4688,"SourceName":"Microsoft-Windows-Security-Auditing","ProviderGuid":"{54849625-5478-4994-A5BA-3E3B0328C30D}","Version":2,"Task":13312,"OpcodeValue":0,"RecordNumber":47486,"ProcessID":4,"ThreadID":4352,"Channel":"Security","Message":"A new process has been created.\r\n\r\nCreator Subject:\r\n\tSecurity ID:\t\tS-1-5-18\r\n\tAccount Name:\t\tDESKTOP-T5U473H$\r\n\tAccount Domain:\t\tWORKGROUP\r\n\tLogon ID:\t\t0x3E7\r\n\r\nTarget Subject:\r\n\tSecurity ID:\t\tS-1-0-0\r\n\tAccount Name:\t\t-\r\n\tAccount Domain:\t\t-\r\n\tLogon ID:\t\t0x0\r\n\r\nProcess Information:\r\n\tNew Process ID:\t\t0x1f24\r\n\tNew Process Name:\tC:\\Windows\\Microsoft.NET\\Framework\\v4.0.30319\\ngentask.exe\r\n\tToken Elevation Type:\t%%1936\r\n\tMandatory Label:\t\tS-1-16-16384\r\n\tCreator Process ID:\t0x33e0\r\n\tCreator Process Name:\tC:\\Windows\\System32\\taskhostw.exe\r\n\tProcess Command Line:\t\r\n\r\nToken Elevation Type indicates the type of token that was assigned to the new process in accordance with User Account Control policy.\r\n\r\nType 1 is a full token with no privileges removed or groups disabled.  A full token is only used if User Account Control is disabled or if the user is the built-in Administrator account or a service account.\r\n\r\nType 2 is an elevated token with no privileges removed or groups disabled.  An elevated token is used when User Account Control is enabled and the user chooses to start the program using Run as administrator.  An elevated token is also used when an application is configured to always require administrative privilege or to always require maximum privilege, and the user is a member of the Administrators group.\r\n\r\nType 3 is a limited token with administrative privileges removed and administrative groups disabled.  The limited token is used when User Account Control is enabled, the application does not require administrative privilege, and the user does not choose to start the program using Run as administrator.","Category":"Process Creation","Opcode":"Info","SubjectUserSid":"S-1-5-18","SubjectUserName":"DESKTOP-T5U473H$","SubjectDomainName":"WORKGROUP","SubjectLogonId":"0x3e7","NewProcessId":"0x1f24","NewProcessName":"C:\\Windows\\Microsoft.NET\\Framework\\v4.0.30319\\ngentask.exe","TokenElevationType":"%%1936","TargetUserSid":"S-1-0-0","TargetUserName":"-","TargetDomainName":"-","TargetLogonId":"0x0","ParentProcessName":"C:\\Windows\\System32\\taskhostw.exe","MandatoryLabel":"S-1-16-16384","EventReceivedTime":"2025-11-25 07:09:17","SourceModuleName":"security_in","SourceModuleType":"im_msvistalog"}
{"EventTime":"2025-11-25 07:09:16","Hostname":"DESKTOP-T5U473H","Keywords":-9214364837600034816,"EventType":"AUDIT_SUCCESS","SeverityValue":2,"Severity":"INFO","EventID":4688,"SourceName":"Microsoft-Windows-Security-Auditing","ProviderGuid":"{54849625-5478-4994-A5BA-3E3B0328C30D}","Version":2,"Task":13312,"OpcodeValue":0,"RecordNumber":47487,"ProcessID":4,"ThreadID":5848,"Channel":"Security","Message":"A new process has been created.\r\n\r\nCreator Subject:\r\n\tSecurity ID:\t\tS-1-5-18\r\n\tAccount Name:\t\tDESKTOP-T5U473H$\r\n\tAccount Domain:\t\tWORKGROUP\r\n\tLogon ID:\t\t0x3E7\r\n\r\nTarget Subject:\r\n\tSecurity ID:\t\tS-1-0-0\r\n\tAccount Name:\t\t-\r\n\tAccount Domain:\t\t-\r\n\tLogon ID:\t\t0x0\r\n\r\nProcess Information:\r\n\tNew Process ID:\t\t0x1b30\r\n\tNew Process Name:\tC:\\Windows\\Microsoft.NET\\Framework64\\v4.0.30319\\ngentask.exe\r\n\tToken Elevation Type:\t%%1936\r\n\tMandatory Label:\t\tS-1-16-16384\r\n\tCreator Process ID:\t0x33e0\r\n\tCreator Process Name:\tC:\\Windows\\System32\\taskhostw.exe\r\n\tProcess Command Line:\t\r\n\r\nToken Elevation Type indicates the type of token that was assigned to the new process in accordance with User Account Control policy.\r\n\r\nType 1 is a full token with no privileges removed or groups disabled.  A full token is only used if User Account Control is disabled or if the user is the built-in Administrator account or a service account.\r\n\r\nType 2 is an elevated token with no privileges removed or groups disabled.  An elevated token is used when User Account Control is enabled and the user chooses to start the program using Run as administrator.  An elevated token is also used when an application is configured to always require administrative privilege or to always require maximum privilege, and the user is a member of the Administrators group.\r\n\r\nType 3 is a limited token with administrative privileges removed and administrative groups disabled.  The limited token is used when User Account Control is enabled, the application does not require administrative privilege, and the user does not choose to start the program using Run as administrator.","Category":"Process Creation","Opcode":"Info","SubjectUserSid":"S-1-5-18","SubjectUserName":"DESKTOP-T5U473H$","SubjectDomainName":"WORKGROUP","SubjectLogonId":"0x3e7","NewProcessId":"0x1b30","NewProcessName":"C:\\Windows\\Microsoft.NET\\Framework64\\v4.0.30319\\ngentask.exe","TokenElevationType":"%%1936","TargetUserSid":"S-1-0-0","TargetUserName":"-","TargetDomainName":"-","TargetLogonId":"0x0","ParentProcessName":"C:\\Windows\\System32\\taskhostw.exe","MandatoryLabel":"S-1-16-16384","EventReceivedTime":"2025-11-25 07:09:18","SourceModuleName":"security_in","SourceModuleType":"im_msvistalog"}
{"EventTime":"2025-11-25 07:09:16","Hostname":"DESKTOP-T5U473H","Keywords":-9214364837600034816,"EventType":"AUDIT_SUCCESS","SeverityValue":2,"Severity":"INFO","EventID":4688,"SourceName":"Microsoft-Windows-Security-Auditing","ProviderGuid":"{54849625-5478-4994-A5BA-3E3B0328C30D}","Version":2,"Task":13312,"OpcodeValue":0,"RecordNumber":47488,"ProcessID":4,"ThreadID":11732,"Channel":"Security","Message":"A new process has been created.\r\n\r\nCreator Subject:\r\n\tSecurity ID:\t\tS-1-5-18\r\n\tAccount Name:\t\tDESKTOP-T5U473H$\r\n\tAccount Domain:\t\tWORKGROUP\r\n\tLogon ID:\t\t0x3E7\r\n\r\nTarget Subject:\r\n\tSecurity ID:\t\tS-1-0-0\r\n\tAccount Name:\t\t-\r\n\tAccount Domain:\t\t-\r\n\tLogon ID:\t\t0x0\r\n\r\nProcess Information:\r\n\tNew Process ID:\t\t0x2f0c\r\n\tNew Process Name:\tC:\\Windows\\System32\\conhost.exe\r\n\tToken Elevation Type:\t%%1936\r\n\tMandatory Label:\t\tS-1-16-16384\r\n\tCreator Process ID:\t0x1b30\r\n\tCreator Process Name:\tC:\\Windows\\Microsoft.NET\\Framework64\\v4.0.30319\\ngentask.exe\r\n\tProcess Command Line:\t\r\n\r\nToken Elevation Type indicates the type of token that was assigned to the new process in accordance with User Account Control policy.\r\n\r\nType 1 is a full token with no privileges removed or groups disabled.  A full token is only used if User Account Control is disabled or if the user is the built-in Administrator account or a service account.\r\n\r\nType 2 is an elevated token with no privileges removed or groups disabled.  An elevated token is used when User Account Control is enabled and the user chooses to start the program using Run as administrator.  An elevated token is also used when an application is configured to always require administrative privilege or to always require maximum privilege, and the user is a member of the Administrators group.\r\n\r\nType 3 is a limited token with administrative privileges removed and administrative groups disabled.  The limited token is used when User Account Control is enabled, the application does not require administrative privilege, and the user does not choose to start the program using Run as administrator.","Category":"Process Creation","Opcode":"Info","SubjectUserSid":"S-1-5-18","SubjectUserName":"DESKTOP-T5U473H$","SubjectDomainName":"WORKGROUP","SubjectLogonId":"0x3e7","NewProcessId":"0x2f0c","NewProcessName":"C:\\Windows\\System32\\conhost.exe","TokenElevationType":"%%1936","TargetUserSid":"S-1-0-0","TargetUserName":"-","TargetDomainName":"-","TargetLogonId":"0x0","ParentProcessName":"C:\\Windows\\Microsoft.NET\\Framework64\\v4.0.30319\\ngentask.exe","MandatoryLabel":"S-1-16-16384","EventReceivedTime":"2025-11-25 07:09:18","SourceModuleName":"security_in","SourceModuleType":"im_msvistalog"}
{"EventTime":"2025-11-25 07:09:17","Hostname":"DESKTOP-T5U473H","Keywords":-9214364837600034816,"EventType":"AUDIT_SUCCESS","SeverityValue":2,"Severity":"INFO","EventID":4688,"SourceName":"Microsoft-Windows-Security-Auditing","ProviderGuid":"{54849625-5478-4994-A5BA-3E3B0328C30D}","Version":2,"Task":13312,"OpcodeValue":0,"RecordNumber":47489,"ProcessID":4,"ThreadID":13332,"Channel":"Security","Message":"A new process has been created.\r\n\r\nCreator Subject:\r\n\tSecurity ID:\t\tS-1-5-18\r\n\tAccount Name:\t\tDESKTOP-T5U473H$\r\n\tAccount Domain:\t\tWORKGROUP\r\n\tLogon ID:\t\t0x3E7\r\n\r\nTarget Subject:\r\n\tSecurity ID:\t\tS-1-0-0\r\n\tAccount Name:\t\t-\r\n\tAccount Domain:\t\t-\r\n\tLogon ID:\t\t0x0\r\n\r\nProcess Information:\r\n\tNew Process ID:\t\t0x288c\r\n\tNew Process Name:\tC:\\Windows\\System32\\conhost.exe\r\n\tToken Elevation Type:\t%%1936\r\n\tMandatory Label:\t\tS-1-16-16384\r\n\tCreator Process ID:\t0x1f24\r\n\tCreator Process Name:\tC:\\Windows\\Microsoft.NET\\Framework\\v4.0.30319\\ngentask.exe\r\n\tProcess Command Line:\t\r\n\r\nToken Elevation Type indicates the type of token that was assigned to the new process in accordance with User Account Control policy.\r\n\r\nType 1 is a full token with no privileges removed or groups disabled.  A full token is only used if User Account Control is disabled or if the user is the built-in Administrator account or a service account.\r\n\r\nType 2 is an elevated token with no privileges removed or groups disabled.  An elevated token is used when User Account Control is enabled and the user chooses to start the program using Run as administrator.  An elevated token is also used when an application is configured to always require administrative privilege or to always require maximum privilege, and the user is a member of the Administrators group.\r\n\r\nType 3 is a limited token with administrative privileges removed and administrative groups disabled.  The limited token is used when User Account Control is enabled, the application does not require administrative privilege, and the user does not choose to start the program using Run as administrator.","Category":"Process Creation","Opcode":"Info","SubjectUserSid":"S-1-5-18","SubjectUserName":"DESKTOP-T5U473H$","SubjectDomainName":"WORKGROUP","SubjectLogonId":"0x3e7","NewProcessId":"0x288c","NewProcessName":"C:\\Windows\\System32\\conhost.exe","TokenElevationType":"%%1936","TargetUserSid":"S-1-0-0","TargetUserName":"-","TargetDomainName":"-","TargetLogonId":"0x0","ParentProcessName":"C:\\Windows\\Microsoft.NET\\Framework\\v4.0.30319\\ngentask.exe","MandatoryLabel":"S-1-16-16384","EventReceivedTime":"2025-11-25 07:09:18","SourceModuleName":"security_in","SourceModuleType":"im_msvistalog"}
{"EventTime":"2025-11-25 07:09:17","Hostname":"DESKTOP-T5U473H","Keywords":-9214364837600034816,"EventType":"AUDIT_SUCCESS","SeverityValue":2,"Severity":"INFO","EventID":4702,"SourceName":"Microsoft-Windows-Security-Auditing","ProviderGuid":"{54849625-5478-4994-A5BA-3E3B0328C30D}","Version":1,"Task":12804,"OpcodeValue":0,"RecordNumber":47490,"ActivityID":"{E748337A-50D6-0001-5A34-48E7D650DC01}","ProcessID":600,"ThreadID":2544,"Channel":"Security","Message":"A scheduled task was updated.\r\n\r\nSubject:\r\n\tSecurity ID:\t\tS-1-5-18\r\n\tAccount Name:\t\tDESKTOP-T5U473H$\r\n\tAccount Domain:\t\tWORKGROUP\r\n\tLogon ID:\t\t0x3E7\r\n\r\nTask Information:\r\n\tTask Name: \t\t\\Microsoft\\Windows\\Flighting\\OneSettings\\RefreshCache\r\n\tTask New Content: \t\t<?xml version=\"1.0\" encoding=\"UTF-16\"?>\r\n<Task version=\"1.6\" xmlns=\"http://schemas.microsoft.com/windows/2004/02/mit/task\">\r\n  <RegistrationInfo>\r\n    <Source>$(@%systemroot%\\system32\\wosc.dll,-602)</Source>\r\n    <Author>$(@%systemroot%\\system32\\wosc.dll,-601)</Author>\r\n    <Description>$(@%systemroot%\\system32\\wosc.dll,-603)</Description>\r\n    <URI>\\Microsoft\\Windows\\Flighting\\OneSettings\\RefreshCache</URI>\r\n    <SecurityDescriptor>D:P(A;;FA;;;SY)(A;;FA;;;BA)(A;;FRFX;;;AU)</SecurityDescriptor>\r\n  </RegistrationInfo>\r\n  <Triggers>\r\n    <TimeTrigger>\r\n      <Repetition>\r\n        <Interval>PT378M</Interval>\r\n        <StopAtDurationEnd>false</StopAtDurationEnd>\r\n      </Repetition>\r\n      <StartBoundary>2025-11-25T21:06:17.427Z</StartBoundary>\r\n      <Enabled>true</Enabled>\r\n      <RandomDelay>PT1H</RandomDelay>\r\n    </TimeTrigger>\r\n    <WnfStateChangeTrigger>\r\n      <Enabled>true</Enabled>\r\n      <StateName>7538BCA33A019502</StateName>\r\n    </WnfStateChangeTrigger>\r\n  </Triggers>\r\n  <Principals>\r\n    <Principal id=\"LocalSystem\">\r\n      <UserId>S-1-5-18</UserId>\r\n      <RunLevel>LeastPrivilege</RunLevel>\r\n    </Principal>\r\n  </Principals>\r\n  <Settings>\r\n    <MultipleInstancesPolicy>IgnoreNew</MultipleInstancesPolicy>\r\n    <DisallowStartIfOnBatteries>false</DisallowStartIfOnBatteries>\r\n    <StopIfGoingOnBatteries>false</StopIfGoingOnBatteries>\r\n    <AllowHardTerminate>true</AllowHardTerminate>\r\n    <StartWhenAvailable>true</StartWhenAvailable>\r\n    <RunOnlyIfNetworkAvailable>true</RunOnlyIfNetworkAvailable>\r\n    <IdleSettings>\r\n      <StopOnIdleEnd>false</StopOnIdleEnd>\r\n      <RestartOnIdle>false</RestartOnIdle>\r\n    </IdleSettings>\r\n    <AllowStartOnDemand>true</AllowStartOnDemand>\r\n    <Enabled>true</Enabled>\r\n    <Hidden>false</Hidden>\r\n    <RunOnlyIfIdle>false</RunOnlyIfIdle>\r\n    <DisallowStartOnRemoteAppSession>false</DisallowStartOnRemoteAppSession>\r\n    <UseUnifiedSchedulingEngine>true</UseUnifiedSchedulingEngine>\r\n    <WakeToRun>false</WakeToRun>\r\n    <ExecutionTimeLimit>PT5M</ExecutionTimeLimit>\r\n    <Priority>7</Priority>\r\n  </Settings>\r\n  <Actions Context=\"LocalSystem\">\r\n    <ComHandler>\r\n      <ClassId>{E07647F7-AED2-48D9-9720-939BC24A8A3C}</ClassId>\r\n    </ComHandler>\r\n  </Actions>\r\n</Task>\r\n\r\nOther Information:\r\n\tProcessCreationTime: \t\t4785074604084371\r\n\tClientProcessId: \t\t\t13280\r\n\tParentProcessId: \t\t\t1128\r\n\tFQDN: \t\t0\r\n\t","Category":"Other Object Access Events","Opcode":"Info","SubjectUserSid":"S-1-5-18","SubjectUserName":"DESKTOP-T5U473H$","SubjectDomainName":"WORKGROUP","SubjectLogonId":"0x3e7","TaskName":"\\Microsoft\\Windows\\Flighting\\OneSettings\\RefreshCache","TaskContentNew":"&lt;?xml version=\"1.0\" encoding=\"UTF-16\"?&gt;\r\n&lt;Task version=\"1.6\" xmlns=\"http://schemas.microsoft.com/windows/2004/02/mit/task\"&gt;\r\n  &lt;RegistrationInfo&gt;\r\n    &lt;Source&gt;$(@%systemroot%\\system32\\wosc.dll,-602)&lt;/Source&gt;\r\n    &lt;Author&gt;$(@%systemroot%\\system32\\wosc.dll,-601)&lt;/Author&gt;\r\n    &lt;Description&gt;$(@%systemroot%\\system32\\wosc.dll,-603)&lt;/Description&gt;\r\n    &lt;URI&gt;\\Microsoft\\Windows\\Flighting\\OneSettings\\RefreshCache&lt;/URI&gt;\r\n    &lt;SecurityDescriptor&gt;D:P(A;;FA;;;SY)(A;;FA;;;BA)(A;;FRFX;;;AU)&lt;/SecurityDescriptor&gt;\r\n  &lt;/RegistrationInfo&gt;\r\n  &lt;Triggers&gt;\r\n    &lt;TimeTrigger&gt;\r\n      &lt;Repetition&gt;\r\n        &lt;Interval&gt;PT378M&lt;/Interval&gt;\r\n        &lt;StopAtDurationEnd&gt;false&lt;/StopAtDurationEnd&gt;\r\n      &lt;/Repetition&gt;\r\n      &lt;StartBoundary&gt;2025-11-25T21:06:17.427Z&lt;/StartBoundary&gt;\r\n      &lt;Enabled&gt;true&lt;/Enabled&gt;\r\n      &lt;RandomDelay&gt;PT1H&lt;/RandomDelay&gt;\r\n    &lt;/TimeTrigger&gt;\r\n    &lt;WnfStateChangeTrigger&gt;\r\n      &lt;Enabled&gt;true&lt;/Enabled&gt;\r\n      &lt;StateName&gt;7538BCA33A019502&lt;/StateName&gt;\r\n    &lt;/WnfStateChangeTrigger&gt;\r\n  &lt;/Triggers&gt;\r\n  &lt;Principals&gt;\r\n    &lt;Principal id=\"LocalSystem\"&gt;\r\n      &lt;UserId&gt;S-1-5-18&lt;/UserId&gt;\r\n      &lt;RunLevel&gt;LeastPrivilege&lt;/RunLevel&gt;\r\n    &lt;/Principal&gt;\r\n  &lt;/Principals&gt;\r\n  &lt;Settings&gt;\r\n    &lt;MultipleInstancesPolicy&gt;IgnoreNew&lt;/MultipleInstancesPolicy&gt;\r\n    &lt;DisallowStartIfOnBatteries&gt;false&lt;/DisallowStartIfOnBatteries&gt;\r\n    &lt;StopIfGoingOnBatteries&gt;false&lt;/StopIfGoingOnBatteries&gt;\r\n    &lt;AllowHardTerminate&gt;true&lt;/AllowHardTerminate&gt;\r\n    &lt;StartWhenAvailable&gt;true&lt;/StartWhenAvailable&gt;\r\n    &lt;RunOnlyIfNetworkAvailable&gt;true&lt;/RunOnlyIfNetworkAvailable&gt;\r\n    &lt;IdleSettings&gt;\r\n      &lt;StopOnIdleEnd&gt;false&lt;/StopOnIdleEnd&gt;\r\n      &lt;RestartOnIdle&gt;false&lt;/RestartOnIdle&gt;\r\n    &lt;/IdleSettings&gt;\r\n    &lt;AllowStartOnDemand&gt;true&lt;/AllowStartOnDemand&gt;\r\n    &lt;Enabled&gt;true&lt;/Enabled&gt;\r\n    &lt;Hidden&gt;false&lt;/Hidden&gt;\r\n    &lt;RunOnlyIfIdle&gt;false&lt;/RunOnlyIfIdle&gt;\r\n    &lt;DisallowStartOnRemoteAppSession&gt;false&lt;/DisallowStartOnRemoteAppSession&gt;\r\n    &lt;UseUnifiedSchedulingEngine&gt;true&lt;/UseUnifiedSchedulingEngine&gt;\r\n    &lt;WakeToRun&gt;false&lt;/WakeToRun&gt;\r\n    &lt;ExecutionTimeLimit&gt;PT5M&lt;/ExecutionTimeLimit&gt;\r\n    &lt;Priority&gt;7&lt;/Priority&gt;\r\n  &lt;/Settings&gt;\r\n  &lt;Actions Context=\"LocalSystem\"&gt;\r\n    &lt;ComHandler&gt;\r\n      &lt;ClassId&gt;{E07647F7-AED2-48D9-9720-939BC24A8A3C}&lt;/ClassId&gt;\r\n    &lt;/ComHandler&gt;\r\n  &lt;/Actions&gt;\r\n&lt;/Task&gt;","ClientProcessStartKey":"4785074604084371","ClientProcessId":"13280","ParentProcessId":"1128","RpcCallClientLocality":"0","FQDN":"DESKTOP-T5U473H","EventReceivedTime":"2025-11-25 07:09:18","SourceModuleName":"security_in","SourceModuleType":"im_msvistalog"}
{"EventTime":"2025-11-25 07:09:19","Hostname":"DESKTOP-T5U473H","Keywords":-9214364837600034816,"EventType":"AUDIT_SUCCESS","SeverityValue":2,"Severity":"INFO","EventID":4688,"SourceName":"Microsoft-Windows-Security-Auditing","ProviderGuid":"{54849625-5478-4994-A5BA-3E3B0328C30D}","Version":2,"Task":13312,"OpcodeValue":0,"RecordNumber":47491,"ProcessID":4,"ThreadID":13480,"Channel":"Security","Message":"A new process has been created.\r\n\r\nCreator Subject:\r\n\tSecurity ID:\t\tS-1-5-18\r\n\tAccount Name:\t\tDESKTOP-T5U473H$\r\n\tAccount Domain:\t\tWORKGROUP\r\n\tLogon ID:\t\t0x3E7\r\n\r\nTarget Subject:\r\n\tSecurity ID:\t\tS-1-0-0\r\n\tAccount Name:\t\t-\r\n\tAccount Domain:\t\t-\r\n\tLogon ID:\t\t0x0\r\n\r\nProcess Information:\r\n\tNew Process ID:\t\t0xe08\r\n\tNew Process Name:\tC:\\Windows\\Microsoft.NET\\Framework64\\v4.0.30319\\ngen.exe\r\n\tToken Elevation Type:\t%%1936\r\n\tMandatory Label:\t\tS-1-16-16384\r\n\tCreator Process ID:\t0x1b30\r\n\tCreator Process Name:\tC:\\Windows\\Microsoft.NET\\Framework64\\v4.0.30319\\ngentask.exe\r\n\tProcess Command Line:\t\r\n\r\nToken Elevation Type indicates the type of token that was assigned to the new process in accordance with User Account Control policy.\r\n\r\nType 1 is a full token with no privileges removed or groups disabled.  A full token is only used if User Account Control is disabled or if the user is the built-in Administrator account or a service account.\r\n\r\nType 2 is an elevated token with no privileges removed or groups disabled.  An elevated token is used when User Account Control is enabled and the user chooses to start the program using Run as administrator.  An elevated token is also used when an application is configured to always require administrative privilege or to always require maximum privilege, and the user is a member of the Administrators group.\r\n\r\nType 3 is a limited token with administrative privileges removed and administrative groups disabled.  The limited token is used when User Account Control is enabled, the application does not require administrative privilege, and the user does not choose to start the program using Run as administrator.","Category":"Process Creation","Opcode":"Info","SubjectUserSid":"S-1-5-18","SubjectUserName":"DESKTOP-T5U473H$","SubjectDomainName":"WORKGROUP","SubjectLogonId":"0x3e7","NewProcessId":"0xe08","NewProcessName":"C:\\Windows\\Microsoft.NET\\Framework64\\v4.0.30319\\ngen.exe","TokenElevationType":"%%1936","TargetUserSid":"S-1-0-0","TargetUserName":"-","TargetDomainName":"-","TargetLogonId":"0x0","ParentProcessName":"C:\\Windows\\Microsoft.NET\\Framework64\\v4.0.30319\\ngentask.exe","MandatoryLabel":"S-1-16-16384","EventReceivedTime":"2025-11-25 07:09:21","SourceModuleName":"security_in","SourceModuleType":"im_msvistalog"}
{"EventTime":"2025-11-25 07:09:20","Hostname":"DESKTOP-T5U473H","Keywords":-9214364837600034816,"EventType":"AUDIT_SUCCESS","SeverityValue":2,"Severity":"INFO","EventID":4702,"SourceName":"Microsoft-Windows-Security-Auditing","ProviderGuid":"{54849625-5478-4994-A5BA-3E3B0328C30D}","Version":1,"Task":12804,"OpcodeValue":0,"RecordNumber":47492,"ActivityID":"{E748337A-50D6-0001-5A34-48E7D650DC01}","ProcessID":600,"ThreadID":7712,"Channel":"Security","Message":"A scheduled task was updated.\r\n\r\nSubject:\r\n\tSecurity ID:\t\tS-1-5-18\r\n\tAccount Name:\t\tDESKTOP-T5U473H$\r\n\tAccount Domain:\t\tWORKGROUP\r\n\tLogon ID:\t\t0x3E7\r\n\r\nTask Information:\r\n\tTask Name: \t\t\\Microsoft\\Windows\\.NET Framework\\.NET Framework NGEN v4.0.30319 64\r\n\tTask New Content: \t\t<?xml version=\"1.0\" encoding=\"UTF-16\"?>\r\n<Task version=\"1.6\" xmlns=\"http://schemas.microsoft.com/windows/2004/02/mit/task\">\r\n  <RegistrationInfo>\r\n    <Date>2010-09-30T14:53:37.9516706</Date>\r\n    <URI>\\Microsoft\\Windows\\.NET Framework\\.NET Framework NGEN v4.0.30319 64</URI>\r\n    <SecurityDescriptor>D:(A;OICI;FA;;;BA)(A;OICI;FA;;;SY)(A;OICI;GR;;;AU)(A;;FRFX;;;LS)</SecurityDescriptor>\r\n  </RegistrationInfo>\r\n  <Triggers />\r\n  <Principals>\r\n    <Principal id=\"Author\">\r\n      <RunLevel>LeastPrivilege</RunLevel>\r\n      <UserId>SYSTEM</UserId>\r\n    </Principal>\r\n  </Principals>\r\n  <Settings>\r\n    <MultipleInstancesPolicy>IgnoreNew</MultipleInstancesPolicy>\r\n    <DisallowStartIfOnBatteries>true</DisallowStartIfOnBatteries>\r\n    <StopIfGoingOnBatteries>true</StopIfGoingOnBatteries>\r\n    <AllowHardTerminate>true</AllowHardTerminate>\r\n    <StartWhenAvailable>false</StartWhenAvailable>\r\n    <RunOnlyIfNetworkAvailable>false</RunOnlyIfNetworkAvailable>\r\n    <IdleSettings>\r\n      <StopOnIdleEnd>true</StopOnIdleEnd>\r\n      <RestartOnIdle>false</RestartOnIdle>\r\n    </IdleSettings>\r\n    <AllowStartOnDemand>true</AllowStartOnDemand>\r\n    <Enabled>true</Enabled>\r\n    <Hidden>true</Hidden>\r\n    <RunOnlyIfIdle>false</RunOnlyIfIdle>\r\n    <DisallowStartOnRemoteAppSession>false</DisallowStartOnRemoteAppSession>\r\n    <UseUnifiedSchedulingEngine>true</UseUnifiedSchedulingEngine>\r\n    <MaintenanceSettings>\r\n      <Period>P1D</Period>\r\n      <Deadline>P2D</Deadline>\r\n      <Exclusive>false</Exclusive>\r\n    </MaintenanceSettings>\r\n    <WakeToRun>false</WakeToRun>\r\n    <ExecutionTimeLimit>PT2H</ExecutionTimeLimit>\r\n    <Priority>7</Priority>\r\n  </Settings>\r\n  <Actions Context=\"Author\">\r\n    <ComHandler>\r\n      <ClassId>{429BC048-379E-45E0-80E4-EB1977941B5C}</ClassId>\r\n      <Data><![CDATA[/RuntimeWide]]></Data>\r\n    </ComHandler>\r\n  </Actions>\r\n</Task>\r\n\r\nOther Information:\r\n\tProcessCreationTime: \t\t4785074604084410\r\n\tClientProcessId: \t\t\t3592\r\n\tParentProcessId: \t\t\t6960\r\n\tFQDN: \t\t0\r\n\t","Category":"Other Object Access Events","Opcode":"Info","SubjectUserSid":"S-1-5-18","SubjectUserName":"DESKTOP-T5U473H$","SubjectDomainName":"WORKGROUP","SubjectLogonId":"0x3e7","TaskName":"\\Microsoft\\Windows\\.NET Framework\\.NET Framework NGEN v4.0.30319 64","TaskContentNew":"&lt;?xml version=\"1.0\" encoding=\"UTF-16\"?&gt;\r\n&lt;Task version=\"1.6\" xmlns=\"http://schemas.microsoft.com/windows/2004/02/mit/task\"&gt;\r\n  &lt;RegistrationInfo&gt;\r\n    &lt;Date&gt;2010-09-30T14:53:37.9516706&lt;/Date&gt;\r\n    &lt;URI&gt;\\Microsoft\\Windows\\.NET Framework\\.NET Framework NGEN v4.0.30319 64&lt;/URI&gt;\r\n    &lt;SecurityDescriptor&gt;D:(A;OICI;FA;;;BA)(A;OICI;FA;;;SY)(A;OICI;GR;;;AU)(A;;FRFX;;;LS)&lt;/SecurityDescriptor&gt;\r\n  &lt;/RegistrationInfo&gt;\r\n  &lt;Triggers /&gt;\r\n  &lt;Principals&gt;\r\n    &lt;Principal id=\"Author\"&gt;\r\n      &lt;RunLevel&gt;LeastPrivilege&lt;/RunLevel&gt;\r\n      &lt;UserId&gt;SYSTEM&lt;/UserId&gt;\r\n    &lt;/Principal&gt;\r\n  &lt;/Principals&gt;\r\n  &lt;Settings&gt;\r\n    &lt;MultipleInstancesPolicy&gt;IgnoreNew&lt;/MultipleInstancesPolicy&gt;\r\n    &lt;DisallowStartIfOnBatteries&gt;true&lt;/DisallowStartIfOnBatteries&gt;\r\n    &lt;StopIfGoingOnBatteries&gt;true&lt;/StopIfGoingOnBatteries&gt;\r\n    &lt;AllowHardTerminate&gt;true&lt;/AllowHardTerminate&gt;\r\n    &lt;StartWhenAvailable&gt;false&lt;/StartWhenAvailable&gt;\r\n    &lt;RunOnlyIfNetworkAvailable&gt;false&lt;/RunOnlyIfNetworkAvailable&gt;\r\n    &lt;IdleSettings&gt;\r\n      &lt;StopOnIdleEnd&gt;true&lt;/StopOnIdleEnd&gt;\r\n      &lt;RestartOnIdle&gt;false&lt;/RestartOnIdle&gt;\r\n    &lt;/IdleSettings&gt;\r\n    &lt;AllowStartOnDemand&gt;true&lt;/AllowStartOnDemand&gt;\r\n    &lt;Enabled&gt;true&lt;/Enabled&gt;\r\n    &lt;Hidden&gt;true&lt;/Hidden&gt;\r\n    &lt;RunOnlyIfIdle&gt;false&lt;/RunOnlyIfIdle&gt;\r\n    &lt;DisallowStartOnRemoteAppSession&gt;false&lt;/DisallowStartOnRemoteAppSession&gt;\r\n    &lt;UseUnifiedSchedulingEngine&gt;true&lt;/UseUnifiedSchedulingEngine&gt;\r\n    &lt;MaintenanceSettings&gt;\r\n      &lt;Period&gt;P1D&lt;/Period&gt;\r\n      &lt;Deadline&gt;P2D&lt;/Deadline&gt;\r\n      &lt;Exclusive&gt;false&lt;/Exclusive&gt;\r\n    &lt;/MaintenanceSettings&gt;\r\n    &lt;WakeToRun&gt;false&lt;/WakeToRun&gt;\r\n    &lt;ExecutionTimeLimit&gt;PT2H&lt;/ExecutionTimeLimit&gt;\r\n    &lt;Priority&gt;7&lt;/Priority&gt;\r\n  &lt;/Settings&gt;\r\n  &lt;Actions Context=\"Author\"&gt;\r\n    &lt;ComHandler&gt;\r\n      &lt;ClassId&gt;{429BC048-379E-45E0-80E4-EB1977941B5C}&lt;/ClassId&gt;\r\n      &lt;Data&gt;&lt;![CDATA[/RuntimeWide]]&gt;&lt;/Data&gt;\r\n    &lt;/ComHandler&gt;\r\n  &lt;/Actions&gt;\r\n&lt;/Task&gt;","ClientProcessStartKey":"4785074604084410","ClientProcessId":"3592","ParentProcessId":"6960","RpcCallClientLocality":"0","FQDN":"DESKTOP-T5U473H","EventReceivedTime":"2025-11-25 07:09:21","SourceModuleName":"security_in","SourceModuleType":"im_msvistalog"}
{"EventTime":"2025-11-25 07:09:20","Hostname":"DESKTOP-T5U473H","Keywords":-9214364837600034816,"EventType":"AUDIT_SUCCESS","SeverityValue":2,"Severity":"INFO","EventID":4688,"SourceName":"Microsoft-Windows-Security-Auditing","ProviderGuid":"{54849625-5478-4994-A5BA-3E3B0328C30D}","Version":2,"Task":13312,"OpcodeValue":0,"RecordNumber":47493,"ProcessID":4,"ThreadID":13480,"Channel":"Security","Message":"A new process has been created.\r\n\r\nCreator Subject:\r\n\tSecurity ID:\t\tS-1-5-18\r\n\tAccount Name:\t\tDESKTOP-T5U473H$\r\n\tAccount Domain:\t\tWORKGROUP\r\n\tLogon ID:\t\t0x3E7\r\n\r\nTarget Subject:\r\n\tSecurity ID:\t\tS-1-0-0\r\n\tAccount Name:\t\t-\r\n\tAccount Domain:\t\t-\r\n\tLogon ID:\t\t0x0\r\n\r\nProcess Information:\r\n\tNew Process ID:\t\t0xaf0\r\n\tNew Process Name:\tC:\\Windows\\Microsoft.NET\\Framework\\v4.0.30319\\ngen.exe\r\n\tToken Elevation Type:\t%%1936\r\n\tMandatory Label:\t\tS-1-16-16384\r\n\tCreator Process ID:\t0x1f24\r\n\tCreator Process Name:\tC:\\Windows\\Microsoft.NET\\Framework\\v4.0.30319\\ngentask.exe\r\n\tProcess Command Line:\t\r\n\r\nToken Elevation Type indicates the type of token that was assigned to the new process in accordance with User Account Control policy.\r\n\r\nType 1 is a full token with no privileges removed or groups disabled.  A full token is only used if User Account Control is disabled or if the user is the built-in Administrator account or a service account.\r\n\r\nType 2 is an elevated token with no privileges removed or groups disabled.  An elevated token is used when User Account Control is enabled and the user chooses to start the program using Run as administrator.  An elevated token is also used when an application is configured to always require administrative privilege or to always require maximum privilege, and the user is a member of the Administrators group.\r\n\r\nType 3 is a limited token with administrative privileges removed and administrative groups disabled.  The limited token is used when User Account Control is enabled, the application does not require administrative privilege, and the user does not choose to start the program using Run as administrator.","Category":"Process Creation","Opcode":"Info","SubjectUserSid":"S-1-5-18","SubjectUserName":"DESKTOP-T5U473H$","SubjectDomainName":"WORKGROUP","SubjectLogonId":"0x3e7","NewProcessId":"0xaf0","NewProcessName":"C:\\Windows\\Microsoft.NET\\Framework\\v4.0.30319\\ngen.exe","TokenElevationType":"%%1936","TargetUserSid":"S-1-0-0","TargetUserName":"-","TargetDomainName":"-","TargetLogonId":"0x0","ParentProcessName":"C:\\Windows\\Microsoft.NET\\Framework\\v4.0.30319\\ngentask.exe","MandatoryLabel":"S-1-16-16384","EventReceivedTime":"2025-11-25 07:09:21","SourceModuleName":"security_in","SourceModuleType":"im_msvistalog"}
{"EventTime":"2025-11-25 07:09:21","Hostname":"DESKTOP-T5U473H","Keywords":-9214364837600034816,"EventType":"AUDIT_SUCCESS","SeverityValue":2,"Severity":"INFO","EventID":4688,"SourceName":"Microsoft-Windows-Security-Auditing","ProviderGuid":"{54849625-5478-4994-A5BA-3E3B0328C30D}","Version":2,"Task":13312,"OpcodeValue":0,"RecordNumber":47494,"ProcessID":4,"ThreadID":5848,"Channel":"Security","Message":"A new process has been created.\r\n\r\nCreator Subject:\r\n\tSecurity ID:\t\tS-1-5-18\r\n\tAccount Name:\t\tDESKTOP-T5U473H$\r\n\tAccount Domain:\t\tWORKGROUP\r\n\tLogon ID:\t\t0x3E7\r\n\r\nTarget Subject:\r\n\tSecurity ID:\t\tS-1-0-0\r\n\tAccount Name:\t\t-\r\n\tAccount Domain:\t\t-\r\n\tLogon ID:\t\t0x0\r\n\r\nProcess Information:\r\n\tNew Process ID:\t\t0x10c4\r\n\tNew Process Name:\tC:\\Windows\\Microsoft.NET\\Framework64\\v4.0.30319\\ngen.exe\r\n\tToken Elevation Type:\t%%1936\r\n\tMandatory Label:\t\tS-1-16-16384\r\n\tCreator Process ID:\t0x1b30\r\n\tCreator Process Name:\tC:\\Windows\\Microsoft.NET\\Framework64\\v4.0.30319\\ngentask.exe\r\n\tProcess Command Line:\t\r\n\r\nToken Elevation Type indicates the type of token that was assigned to the new process in accordance with User Account Control policy.\r\n\r\nType 1 is a full token with no privileges removed or groups disabled.  A full token is only used if User Account Control is disabled or if the user is the built-in Administrator account or a service account.\r\n\r\nType 2 is an elevated token with no privileges removed or groups disabled.  An elevated token is used when User Account Control is enabled and the user chooses to start the program using Run as administrator.  An elevated token is also used when an application is configured to always require administrative privilege or to always require maximum privilege, and the user is a member of the Administrators group.\r\n\r\nType 3 is a limited token with administrative privileges removed and administrative groups disabled.  The limited token is used when User Account Control is enabled, the application does not require administrative privilege, and the user does not choose to start the program using Run as administrator.","Category":"Process Creation","Opcode":"Info","SubjectUserSid":"S-1-5-18","SubjectUserName":"DESKTOP-T5U473H$","SubjectDomainName":"WORKGROUP","SubjectLogonId":"0x3e7","NewProcessId":"0x10c4","NewProcessName":"C:\\Windows\\Microsoft.NET\\Framework64\\v4.0.30319\\ngen.exe","TokenElevationType":"%%1936","TargetUserSid":"S-1-0-0","TargetUserName":"-","TargetDomainName":"-","TargetLogonId":"0x0","ParentProcessName":"C:\\Windows\\Microsoft.NET\\Framework64\\v4.0.30319\\ngentask.exe","MandatoryLabel":"S-1-16-16384","EventReceivedTime":"2025-11-25 07:09:23","SourceModuleName":"security_in","SourceModuleType":"im_msvistalog"}
{"EventTime":"2025-11-25 07:09:21","Hostname":"DESKTOP-T5U473H","Keywords":-9214364837600034816,"EventType":"AUDIT_SUCCESS","SeverityValue":2,"Severity":"INFO","EventID":4702,"SourceName":"Microsoft-Windows-Security-Auditing","ProviderGuid":"{54849625-5478-4994-A5BA-3E3B0328C30D}","Version":1,"Task":12804,"OpcodeValue":0,"RecordNumber":47495,"ActivityID":"{E748337A-50D6-0001-5A34-48E7D650DC01}","ProcessID":600,"ThreadID":7712,"Channel":"Security","Message":"A scheduled task was updated.\r\n\r\nSubject:\r\n\tSecurity ID:\t\tS-1-5-18\r\n\tAccount Name:\t\tDESKTOP-T5U473H$\r\n\tAccount Domain:\t\tWORKGROUP\r\n\tLogon ID:\t\t0x3E7\r\n\r\nTask Information:\r\n\tTask Name: \t\t\\Microsoft\\Windows\\.NET Framework\\.NET Framework NGEN v4.0.30319\r\n\tTask New Content: \t\t<?xml version=\"1.0\" encoding=\"UTF-16\"?>\r\n<Task version=\"1.6\" xmlns=\"http://schemas.microsoft.com/windows/2004/02/mit/task\">\r\n  <RegistrationInfo>\r\n    <Date>2010-09-30T14:53:37.9516706</Date>\r\n    <URI>\\Microsoft\\Windows\\.NET Framework\\.NET Framework NGEN v4.0.30319</URI>\r\n    <SecurityDescriptor>D:(A;OICI;FA;;;BA)(A;OICI;FA;;;SY)(A;OICI;GR;;;AU)(A;;FRFX;;;LS)</SecurityDescriptor>\r\n  </RegistrationInfo>\r\n  <Triggers />\r\n  <Principals>\r\n    <Principal id=\"Author\">\r\n      <RunLevel>LeastPrivilege</RunLevel>\r\n      <UserId>SYSTEM</UserId>\r\n    </Principal>\r\n  </Principals>\r\n  <Settings>\r\n    <MultipleInstancesPolicy>IgnoreNew</MultipleInstancesPolicy>\r\n    <DisallowStartIfOnBatteries>true</DisallowStartIfOnBatteries>\r\n    <StopIfGoingOnBatteries>true</StopIfGoingOnBatteries>\r\n    <AllowHardTerminate>true</AllowHardTerminate>\r\n    <StartWhenAvailable>false</StartWhenAvailable>\r\n    <RunOnlyIfNetworkAvailable>false</RunOnlyIfNetworkAvailable>\r\n    <IdleSettings>\r\n      <StopOnIdleEnd>true</StopOnIdleEnd>\r\n      <RestartOnIdle>false</RestartOnIdle>\r\n    </IdleSettings>\r\n    <AllowStartOnDemand>true</AllowStartOnDemand>\r\n    <Enabled>true</Enabled>\r\n    <Hidden>true</Hidden>\r\n    <RunOnlyIfIdle>false</RunOnlyIfIdle>\r\n    <DisallowStartOnRemoteAppSession>false</DisallowStartOnRemoteAppSession>\r\n    <UseUnifiedSchedulingEngine>true</UseUnifiedSchedulingEngine>\r\n    <MaintenanceSettings>\r\n      <Period>P1D</Period>\r\n      <Deadline>P2D</Deadline>\r\n      <Exclusive>false</Exclusive>\r\n    </MaintenanceSettings>\r\n    <WakeToRun>false</WakeToRun>\r\n    <ExecutionTimeLimit>PT2H</ExecutionTimeLimit>\r\n    <Priority>7</Priority>\r\n  </Settings>\r\n  <Actions Context=\"Author\">\r\n    <ComHandler>\r\n      <ClassId>{84F0FAE1-C27B-4F6F-807B-28CF6F96287D}</ClassId>\r\n      <Data><![CDATA[/RuntimeWide]]></Data>\r\n    </ComHandler>\r\n  </Actions>\r\n</Task>\r\n\r\nOther Information:\r\n\tProcessCreationTime: \t\t4785074604084411\r\n\tClientProcessId: \t\t\t2800\r\n\tParentProcessId: \t\t\t7972\r\n\tFQDN: \t\t0\r\n\t","Category":"Other Object Access Events","Opcode":"Info","SubjectUserSid":"S-1-5-18","SubjectUserName":"DESKTOP-T5U473H$","SubjectDomainName":"WORKGROUP","SubjectLogonId":"0x3e7","TaskName":"\\Microsoft\\Windows\\.NET Framework\\.NET Framework NGEN v4.0.30319","TaskContentNew":"&lt;?xml version=\"1.0\" encoding=\"UTF-16\"?&gt;\r\n&lt;Task version=\"1.6\" xmlns=\"http://schemas.microsoft.com/windows/2004/02/mit/task\"&gt;\r\n  &lt;RegistrationInfo&gt;\r\n    &lt;Date&gt;2010-09-30T14:53:37.9516706&lt;/Date&gt;\r\n    &lt;URI&gt;\\Microsoft\\Windows\\.NET Framework\\.NET Framework NGEN v4.0.30319&lt;/URI&gt;\r\n    &lt;SecurityDescriptor&gt;D:(A;OICI;FA;;;BA)(A;OICI;FA;;;SY)(A;OICI;GR;;;AU)(A;;FRFX;;;LS)&lt;/SecurityDescriptor&gt;\r\n  &lt;/RegistrationInfo&gt;\r\n  &lt;Triggers /&gt;\r\n  &lt;Principals&gt;\r\n    &lt;Principal id=\"Author\"&gt;\r\n      &lt;RunLevel&gt;LeastPrivilege&lt;/RunLevel&gt;\r\n      &lt;UserId&gt;SYSTEM&lt;/UserId&gt;\r\n    &lt;/Principal&gt;\r\n  &lt;/Principals&gt;\r\n  &lt;Settings&gt;\r\n    &lt;MultipleInstancesPolicy&gt;IgnoreNew&lt;/MultipleInstancesPolicy&gt;\r\n    &lt;DisallowStartIfOnBatteries&gt;true&lt;/DisallowStartIfOnBatteries&gt;\r\n    &lt;StopIfGoingOnBatteries&gt;true&lt;/StopIfGoingOnBatteries&gt;\r\n    &lt;AllowHardTerminate&gt;true&lt;/AllowHardTerminate&gt;\r\n    &lt;StartWhenAvailable&gt;false&lt;/StartWhenAvailable&gt;\r\n    &lt;RunOnlyIfNetworkAvailable&gt;false&lt;/RunOnlyIfNetworkAvailable&gt;\r\n    &lt;IdleSettings&gt;\r\n      &lt;StopOnIdleEnd&gt;true&lt;/StopOnIdleEnd&gt;\r\n      &lt;RestartOnIdle&gt;false&lt;/RestartOnIdle&gt;\r\n    &lt;/IdleSettings&gt;\r\n    &lt;AllowStartOnDemand&gt;true&lt;/AllowStartOnDemand&gt;\r\n    &lt;Enabled&gt;true&lt;/Enabled&gt;\r\n    &lt;Hidden&gt;true&lt;/Hidden&gt;\r\n    &lt;RunOnlyIfIdle&gt;false&lt;/RunOnlyIfIdle&gt;\r\n    &lt;DisallowStartOnRemoteAppSession&gt;false&lt;/DisallowStartOnRemoteAppSession&gt;\r\n    &lt;UseUnifiedSchedulingEngine&gt;true&lt;/UseUnifiedSchedulingEngine&gt;\r\n    &lt;MaintenanceSettings&gt;\r\n      &lt;Period&gt;P1D&lt;/Period&gt;\r\n      &lt;Deadline&gt;P2D&lt;/Deadline&gt;\r\n      &lt;Exclusive&gt;false&lt;/Exclusive&gt;\r\n    &lt;/MaintenanceSettings&gt;\r\n    &lt;WakeToRun&gt;false&lt;/WakeToRun&gt;\r\n    &lt;ExecutionTimeLimit&gt;PT2H&lt;/ExecutionTimeLimit&gt;\r\n    &lt;Priority&gt;7&lt;/Priority&gt;\r\n  &lt;/Settings&gt;\r\n  &lt;Actions Context=\"Author\"&gt;\r\n    &lt;ComHandler&gt;\r\n      &lt;ClassId&gt;{84F0FAE1-C27B-4F6F-807B-28CF6F96287D}&lt;/ClassId&gt;\r\n      &lt;Data&gt;&lt;![CDATA[/RuntimeWide]]&gt;&lt;/Data&gt;\r\n    &lt;/ComHandler&gt;\r\n  &lt;/Actions&gt;\r\n&lt;/Task&gt;","ClientProcessStartKey":"4785074604084411","ClientProcessId":"2800","ParentProcessId":"7972","RpcCallClientLocality":"0","FQDN":"DESKTOP-T5U473H","EventReceivedTime":"2025-11-25 07:09:23","SourceModuleName":"security_in","SourceModuleType":"im_msvistalog"}
{"EventTime":"2025-11-25 07:09:23","Hostname":"DESKTOP-T5U473H","Keywords":-9214364837600034816,"EventType":"AUDIT_SUCCESS","SeverityValue":2,"Severity":"INFO","EventID":4688,"SourceName":"Microsoft-Windows-Security-Auditing","ProviderGuid":"{54849625-5478-4994-A5BA-3E3B0328C30D}","Version":2,"Task":13312,"OpcodeValue":0,"RecordNumber":47496,"ProcessID":4,"ThreadID":4352,"Channel":"Security","Message":"A new process has been created.\r\n\r\nCreator Subject:\r\n\tSecurity ID:\t\tS-1-5-18\r\n\tAccount Name:\t\tDESKTOP-T5U473H$\r\n\tAccount Domain:\t\tWORKGROUP\r\n\tLogon ID:\t\t0x3E7\r\n\r\nTarget Subject:\r\n\tSecurity ID:\t\tS-1-0-0\r\n\tAccount Name:\t\t-\r\n\tAccount Domain:\t\t-\r\n\tLogon ID:\t\t0x0\r\n\r\nProcess Information:\r\n\tNew Process ID:\t\t0x219c\r\n\tNew Process Name:\tC:\\Windows\\Microsoft.NET\\Framework\\v4.0.30319\\ngen.exe\r\n\tToken Elevation Type:\t%%1936\r\n\tMandatory Label:\t\tS-1-16-16384\r\n\tCreator Process ID:\t0x1f24\r\n\tCreator Process Name:\tC:\\Windows\\Microsoft.NET\\Framework\\v4.0.30319\\ngentask.exe\r\n\tProcess Command Line:\t\r\n\r\nToken Elevation Type indicates the type of token that was assigned to the new process in accordance with User Account Control policy.\r\n\r\nType 1 is a full token with no privileges removed or groups disabled.  A full token is only used if User Account Control is disabled or if the user is the built-in Administrator account or a service account.\r\n\r\nType 2 is an elevated token with no privileges removed or groups disabled.  An elevated token is used when User Account Control is enabled and the user chooses to start the program using Run as administrator.  An elevated token is also used when an application is configured to always require administrative privilege or to always require maximum privilege, and the user is a member of the Administrators group.\r\n\r\nType 3 is a limited token with administrative privileges removed and administrative groups disabled.  The limited token is used when User Account Control is enabled, the application does not require administrative privilege, and the user does not choose to start the program using Run as administrator.","Category":"Process Creation","Opcode":"Info","SubjectUserSid":"S-1-5-18","SubjectUserName":"DESKTOP-T5U473H$","SubjectDomainName":"WORKGROUP","SubjectLogonId":"0x3e7","NewProcessId":"0x219c","NewProcessName":"C:\\Windows\\Microsoft.NET\\Framework\\v4.0.30319\\ngen.exe","TokenElevationType":"%%1936","TargetUserSid":"S-1-0-0","TargetUserName":"-","TargetDomainName":"-","TargetLogonId":"0x0","ParentProcessName":"C:\\Windows\\Microsoft.NET\\Framework\\v4.0.30319\\ngentask.exe","MandatoryLabel":"S-1-16-16384","EventReceivedTime":"2025-11-25 07:09:25","SourceModuleName":"security_in","SourceModuleType":"im_msvistalog"}
{"EventTime":"2025-11-25 07:09:28","Hostname":"DESKTOP-T5U473H","Keywords":-9214364837600034816,"EventType":"AUDIT_SUCCESS","SeverityValue":2,"Severity":"INFO","EventID":4688,"SourceName":"Microsoft-Windows-Security-Auditing","ProviderGuid":"{54849625-5478-4994-A5BA-3E3B0328C30D}","Version":2,"Task":13312,"OpcodeValue":0,"RecordNumber":47497,"ProcessID":4,"ThreadID":11364,"Channel":"Security","Message":"A new process has been created.\r\n\r\nCreator Subject:\r\n\tSecurity ID:\t\tS-1-5-21-3926491117-3782812503-1685282214-1001\r\n\tAccount Name:\t\tNetFlowCollectoR\r\n\tAccount Domain:\t\tDESKTOP-T5U473H\r\n\tLogon ID:\t\t0x22AE22A\r\n\r\nTarget Subject:\r\n\tSecurity ID:\t\tS-1-0-0\r\n\tAccount Name:\t\t-\r\n\tAccount Domain:\t\t-\r\n\tLogon ID:\t\t0x0\r\n\r\nProcess Information:\r\n\tNew Process ID:\t\t0x1618\r\n\tNew Process Name:\tC:\\Users\\NETFLO~1\\AppData\\Local\\Temp\\355AD9EB-821C-497B-BFD1-4A81B59C8683\\DismHost.exe\r\n\tToken Elevation Type:\t%%1937\r\n\tMandatory Label:\t\tS-1-16-12288\r\n\tCreator Process ID:\t0x1f40\r\n\tCreator Process Name:\tC:\\Windows\\System32\\cleanmgr.exe\r\n\tProcess Command Line:\t\r\n\r\nToken Elevation Type indicates the type of token that was assigned to the new process in accordance with User Account Control policy.\r\n\r\nType 1 is a full token with no privileges removed or groups disabled.  A full token is only used if User Account Control is disabled or if the user is the built-in Administrator account or a service account.\r\n\r\nType 2 is an elevated token with no privileges removed or groups disabled.  An elevated token is used when User Account Control is enabled and the user chooses to start the program using Run as administrator.  An elevated token is also used when an application is configured to always require administrative privilege or to always require maximum privilege, and the user is a member of the Administrators group.\r\n\r\nType 3 is a limited token with administrative privileges removed and administrative groups disabled.  The limited token is used when User Account Control is enabled, the application does not require administrative privilege, and the user does not choose to start the program using Run as administrator.","Category":"Process Creation","Opcode":"Info","SubjectUserSid":"S-1-5-21-3926491117-3782812503-1685282214-1001","SubjectUserName":"NetFlowCollectoR","SubjectDomainName":"DESKTOP-T5U473H","SubjectLogonId":"0x22ae22a","NewProcessId":"0x1618","NewProcessName":"C:\\Users\\NETFLO~1\\AppData\\Local\\Temp\\355AD9EB-821C-497B-BFD1-4A81B59C8683\\DismHost.exe","TokenElevationType":"%%1937","TargetUserSid":"S-1-0-0","TargetUserName":"-","TargetDomainName":"-","TargetLogonId":"0x0","ParentProcessName":"C:\\Windows\\System32\\cleanmgr.exe","MandatoryLabel":"S-1-16-12288","EventReceivedTime":"2025-11-25 07:09:29","SourceModuleName":"security_in","SourceModuleType":"im_msvistalog"}
{"EventTime":"2025-11-25 07:09:30","Hostname":"DESKTOP-T5U473H","Keywords":-9214364837600034816,"EventType":"AUDIT_SUCCESS","SeverityValue":2,"Severity":"INFO","EventID":4616,"SourceName":"Microsoft-Windows-Security-Auditing","ProviderGuid":"{54849625-5478-4994-A5BA-3E3B0328C30D}","Version":1,"Task":12288,"OpcodeValue":0,"RecordNumber":47498,"ProcessID":4,"ThreadID":7944,"Channel":"Security","Message":"The system time was changed.\r\n\r\nSubject:\r\n\tSecurity ID:\t\tS-1-5-19\r\n\tAccount Name:\t\tLOCAL SERVICE\r\n\tAccount Domain:\t\tNT AUTHORITY\r\n\tLogon ID:\t\t0x3E5\r\n\r\nProcess Information:\r\n\tProcess ID:\t0xb18\r\n\tName:\t\tC:\\Windows\\System32\\svchost.exe\r\n\r\nPrevious Time:\t\t‎2025‎-‎11‎-‎25T15:09:30.560766600Z\r\nNew Time:\t\t‎2025‎-‎11‎-‎25T15:09:30.561202300Z\r\n\r\nThis event is generated when the system time is changed. It is normal for the Windows Time Service, which runs with System privilege, to change the system time on a regular basis. Other system time changes may be indicative of attempts to tamper with the computer.","Category":"Security State Change","Opcode":"Info","SubjectUserSid":"S-1-5-19","SubjectUserName":"LOCAL SERVICE","SubjectDomainName":"NT AUTHORITY","SubjectLogonId":"0x3e5","PreviousTime":"2025-11-25T15:09:30.5607666Z","NewTime":"2025-11-25T15:09:30.5612023Z","ProcessName":"C:\\Windows\\System32\\svchost.exe","EventReceivedTime":"2025-11-25 07:09:32","SourceModuleName":"security_in","SourceModuleType":"im_msvistalog"}
